\BOOKMARK [1][-]{section.1}{Introduction}{}% 1
\BOOKMARK [2][-]{subsection.1.1}{Goals}{section.1}% 2
\BOOKMARK [2][-]{subsection.1.2}{Initial Dataset}{section.1}% 3
\BOOKMARK [1][-]{section.2}{Preprocessing}{}% 4
\BOOKMARK [2][-]{subsection.2.1}{What can be preprocessed now?}{section.2}% 5
\BOOKMARK [2][-]{subsection.2.2}{Data Cleaning and Reduction}{section.2}% 6
\BOOKMARK [3][-]{subsubsection.2.2.1}{Removing Noisy and Irrelevant attributes}{subsection.2.2}% 7
\BOOKMARK [3][-]{subsubsection.2.2.2}{Removing Redundant Attributes}{subsection.2.2}% 8
\BOOKMARK [3][-]{subsubsection.2.2.3}{Additional Removed Features}{subsection.2.2}% 9
\BOOKMARK [1][-]{section.3}{Classification}{}% 10
\BOOKMARK [2][-]{subsection.3.1}{Strategies}{section.3}% 11
\BOOKMARK [3][-]{subsubsection.3.1.1}{Train and Test Splitting}{subsection.3.1}% 12
\BOOKMARK [3][-]{subsubsection.3.1.2}{Chosen Classifiers}{subsection.3.1}% 13
\BOOKMARK [2][-]{subsection.3.2}{Building Classification Models}{section.3}% 14
\BOOKMARK [3][-]{subsubsection.3.2.1}{Procedure}{subsection.3.2}% 15
\BOOKMARK [3][-]{subsubsection.3.2.2}{Implementation}{subsection.3.2}% 16
\BOOKMARK [2][-]{subsection.3.3}{Performance Evaluation and Effects od Attribute Selection}{section.3}% 17
\BOOKMARK [2][-]{subsection.3.4}{Conclusions}{section.3}% 18
\BOOKMARK [1][-]{section.4}{AirBnb Price Estimator App}{}% 19
\BOOKMARK [2][-]{subsection.4.1}{Introduction}{section.4}% 20
\BOOKMARK [2][-]{subsection.4.2}{Functional Requirements}{section.4}% 21
\BOOKMARK [2][-]{subsection.4.3}{Application Guide}{section.4}% 22
